#
# There is insufficient memory for the Java Runtime Environment to continue.
# Native memory allocation (malloc) failed to allocate 1047376 bytes for Chunk::new
# Possible reasons:
#   The system is out of physical RAM or swap space
#   In 32 bit mode, the process size limit was hit
# Possible solutions:
#   Reduce memory load on the system
#   Increase physical memory or swap space
#   Check if swap backing store is full
#   Use 64 bit Java on a 64 bit OS
#   Decrease Java heap size (-Xmx/-Xms)
#   Decrease number of Java threads
#   Decrease Java thread stack sizes (-Xss)
#   Set larger code cache with -XX:ReservedCodeCacheSize=
# This output file may be truncated or incomplete.
#
#  Out of Memory Error (allocation.cpp:390), pid=3376, tid=6980
#
# JRE version: Java(TM) SE Runtime Environment (8.0_60-b27) (build 1.8.0_60-b27)
# Java VM: Java HotSpot(TM) 64-Bit Server VM (25.60-b23 mixed mode windows-amd64 compressed oops)
# Failed to write core dump. Minidumps are not enabled by default on client versions of Windows
#

---------------  T H R E A D  ---------------

Current thread (0x000000001501d800):  JavaThread "C2 CompilerThread0" daemon [_thread_in_native, id=6980, stack(0x0000000016650000,0x0000000016750000)]

Stack: [0x0000000016650000,0x0000000016750000]
[error occurred during error reporting (printing stack bounds), id 0xc0000005]

Native frames: (J=compiled Java code, j=interpreted, Vv=VM code, C=native code)


Current CompileTask:
C2:  37932 1573       4       com.android.dx.ssa.SsaRenamer$BlockRenamer::process (191 bytes)


---------------  P R O C E S S  ---------------

Java Threads: ( => current thread )
  0x0000000015066000 JavaThread "Service Thread" daemon [_thread_blocked, id=9936, stack(0x0000000016950000,0x0000000016a50000)]
  0x000000001503c000 JavaThread "C1 CompilerThread2" daemon [_thread_blocked, id=9280, stack(0x0000000016850000,0x0000000016950000)]
  0x0000000015020800 JavaThread "C2 CompilerThread1" daemon [_thread_in_native, id=7224, stack(0x0000000016750000,0x0000000016850000)]
=>0x000000001501d800 JavaThread "C2 CompilerThread0" daemon [_thread_in_native, id=6980, stack(0x0000000016650000,0x0000000016750000)]
  0x000000001501b800 JavaThread "Attach Listener" daemon [_thread_blocked, id=5424, stack(0x0000000016550000,0x0000000016650000)]
  0x000000001501a000 JavaThread "Signal Dispatcher" daemon [_thread_blocked, id=1740, stack(0x0000000016450000,0x0000000016550000)]
  0x0000000002946800 JavaThread "Finalizer" daemon [_thread_blocked, id=2908, stack(0x0000000016270000,0x0000000016370000)]
  0x000000000293d800 JavaThread "Reference Handler" daemon [_thread_blocked, id=4088, stack(0x0000000016170000,0x0000000016270000)]
  0x000000000271d800 JavaThread "main" [_thread_in_native, id=2860, stack(0x0000000002750000,0x0000000002850000)]

Other Threads:
  0x0000000014fe8800 VMThread [stack: 0x0000000016070000,0x0000000016170000] [id=6732]
  0x000000001507e800 WatcherThread [stack: 0x0000000016e50000,0x0000000016f50000] [id=2916]

VM state:not at safepoint (normal execution)

VM Mutex/Monitor currently owned by a thread: None

Heap:
 PSYoungGen      total 35328K, used 19353K [0x00000000eab00000, 0x00000000ed000000, 0x0000000100000000)
  eden space 32768K, 51% used [0x00000000eab00000,0x00000000ebb66410,0x00000000ecb00000)
  from space 2560K, 100% used [0x00000000ecb00000,0x00000000ecd80000,0x00000000ecd80000)
  to   space 2560K, 0% used [0x00000000ecd80000,0x00000000ecd80000,0x00000000ed000000)
 ParOldGen       total 44032K, used 12304K [0x00000000c0000000, 0x00000000c2b00000, 0x00000000eab00000)
  object space 44032K, 27% used [0x00000000c0000000,0x00000000c0c042e8,0x00000000c2b00000)
 Metaspace       used 6324K, capacity 7154K, committed 7296K, reserved 1056768K
  class space    used 604K, capacity 618K, committed 640K, reserved 1048576K

Card table byte_map: [0x0000000011d10000,0x0000000011f20000] byte_map_base: 0x0000000011710000

Marking Bits: (ParMarkBitMap*) 0x0000000068d2a5b0
 Begin Bits: [0x0000000012480000, 0x0000000013480000)
 End Bits:   [0x0000000013480000, 0x0000000014480000)

Polling page: 0x0000000000cf0000

CodeCache: size=245760Kb used=7091Kb max_used=7091Kb free=238669Kb
 bounds [0x0000000002950000, 0x0000000003050000, 0x0000000011950000]
 total_blobs=1977 nmethods=1707 adapters=182
 compilation: enabled

Compilation events (10 events):
Event: 36.612 Thread 0x000000001503c000 1728       2       com.android.dx.util.ByteArray$MyInputStream::<init> (20 bytes)
Event: 36.612 Thread 0x000000001503c000 nmethod 1728 0x0000000003040250 code [0x00000000030403a0, 0x0000000003040510]
Event: 36.612 Thread 0x000000001503c000 1729       2       com.android.dx.util.ByteArray$MyDataInputStream::<init> (11 bytes)
Event: 36.612 Thread 0x000000001503c000 nmethod 1729 0x0000000003040590 code [0x0000000003040700, 0x0000000003040a50]
Event: 36.613 Thread 0x000000001503c000 1730       2       com.android.dx.dex.file.AnnotationItem::addContents (27 bytes)
Event: 36.614 Thread 0x000000001503c000 nmethod 1730 0x0000000003040b50 code [0x0000000003040cc0, 0x0000000003040e98]
Event: 36.725 Thread 0x000000001503c000 1731       2       java.util.concurrent.FutureTask::get (23 bytes)
Event: 36.725 Thread 0x000000001503c000 nmethod 1731 0x0000000003040fd0 code [0x0000000003041140, 0x00000000030412f8]
Event: 36.725 Thread 0x000000001503c000 1732       2       java.util.concurrent.FutureTask::report (37 bytes)
Event: 36.725 Thread 0x000000001503c000 nmethod 1732 0x00000000030413d0 code [0x0000000003041560, 0x0000000003041818]

GC Heap History (10 events):
Event: 32.773 GC heap before
{Heap before GC invocations=1 (full 0):
 PSYoungGen      total 18944K, used 16384K [0x00000000eab00000, 0x00000000ec000000, 0x0000000100000000)
  eden space 16384K, 100% used [0x00000000eab00000,0x00000000ebb00000,0x00000000ebb00000)
  from space 2560K, 0% used [0x00000000ebd80000,0x00000000ebd80000,0x00000000ec000000)
  to   space 2560K, 0% used [0x00000000ebb00000,0x00000000ebb00000,0x00000000ebd80000)
 ParOldGen       total 44032K, used 0K [0x00000000c0000000, 0x00000000c2b00000, 0x00000000eab00000)
  object space 44032K, 0% used [0x00000000c0000000,0x00000000c0000000,0x00000000c2b00000)
 Metaspace       used 5413K, capacity 6448K, committed 6528K, reserved 1056768K
  class space    used 590K, capacity 616K, committed 640K, reserved 1048576K
Event: 32.834 GC heap after
Heap after GC invocations=1 (full 0):
 PSYoungGen      total 18944K, used 2531K [0x00000000eab00000, 0x00000000ec000000, 0x0000000100000000)
  eden space 16384K, 0% used [0x00000000eab00000,0x00000000eab00000,0x00000000ebb00000)
  from space 2560K, 98% used [0x00000000ebb00000,0x00000000ebd78ea8,0x00000000ebd80000)
  to   space 2560K, 0% used [0x00000000ebd80000,0x00000000ebd80000,0x00000000ec000000)
 ParOldGen       total 44032K, used 636K [0x00000000c0000000, 0x00000000c2b00000, 0x00000000eab00000)
  object space 44032K, 1% used [0x00000000c0000000,0x00000000c009f240,0x00000000c2b00000)
 Metaspace       used 5413K, capacity 6448K, committed 6528K, reserved 1056768K
  class space    used 590K, capacity 616K, committed 640K, reserved 1048576K
}
Event: 33.979 GC heap before
{Heap before GC invocations=2 (full 0):
 PSYoungGen      total 18944K, used 18915K [0x00000000eab00000, 0x00000000ec000000, 0x0000000100000000)
  eden space 16384K, 100% used [0x00000000eab00000,0x00000000ebb00000,0x00000000ebb00000)
  from space 2560K, 98% used [0x00000000ebb00000,0x00000000ebd78ea8,0x00000000ebd80000)
  to   space 2560K, 0% used [0x00000000ebd80000,0x00000000ebd80000,0x00000000ec000000)
 ParOldGen       total 44032K, used 636K [0x00000000c0000000, 0x00000000c2b00000, 0x00000000eab00000)
  object space 44032K, 1% used [0x00000000c0000000,0x00000000c009f240,0x00000000c2b00000)
 Metaspace       used 5981K, capacity 6896K, committed 7040K, reserved 1056768K
  class space    used 596K, capacity 616K, committed 640K, reserved 1048576K
Event: 33.986 GC heap after
Heap after GC invocations=2 (full 0):
 PSYoungGen      total 18944K, used 2551K [0x00000000eab00000, 0x00000000ec000000, 0x0000000100000000)
  eden space 16384K, 0% used [0x00000000eab00000,0x00000000eab00000,0x00000000ebb00000)
  from space 2560K, 99% used [0x00000000ebd80000,0x00000000ebffdca8,0x00000000ec000000)
  to   space 2560K, 0% used [0x00000000ebb00000,0x00000000ebb00000,0x00000000ebd80000)
 ParOldGen       total 44032K, used 2131K [0x00000000c0000000, 0x00000000c2b00000, 0x00000000eab00000)
  object space 44032K, 4% used [0x00000000c0000000,0x00000000c0214f98,0x00000000c2b00000)
 Metaspace       used 5981K, capacity 6896K, committed 7040K, reserved 1056768K
  class space    used 596K, capacity 616K, committed 640K, reserved 1048576K
}
Event: 34.697 GC heap before
{Heap before GC invocations=3 (full 0):
 PSYoungGen      total 18944K, used 18935K [0x00000000eab00000, 0x00000000ec000000, 0x0000000100000000)
  eden space 16384K, 100% used [0x00000000eab00000,0x00000000ebb00000,0x00000000ebb00000)
  from space 2560K, 99% used [0x00000000ebd80000,0x00000000ebffdca8,0x00000000ec000000)
  to   space 2560K, 0% used [0x00000000ebb00000,0x00000000ebb00000,0x00000000ebd80000)
 ParOldGen       total 44032K, used 2131K [0x00000000c0000000, 0x00000000c2b00000, 0x00000000eab00000)
  object space 44032K, 4% used [0x00000000c0000000,0x00000000c0214f98,0x00000000c2b00000)
 Metaspace       used 6149K, capacity 7024K, committed 7296K, reserved 1056768K
  class space    used 600K, capacity 616K, committed 640K, reserved 1048576K
Event: 35.042 GC heap after
Heap after GC invocations=3 (full 0):
 PSYoungGen      total 18944K, used 2528K [0x00000000eab00000, 0x00000000ed000000, 0x0000000100000000)
  eden space 16384K, 0% used [0x00000000eab00000,0x00000000eab00000,0x00000000ebb00000)
  from space 2560K, 98% used [0x00000000ebb00000,0x00000000ebd78018,0x00000000ebd80000)
  to   space 2560K, 0% used [0x00000000ecd80000,0x00000000ecd80000,0x00000000ed000000)
 ParOldGen       total 44032K, used 4386K [0x00000000c0000000, 0x00000000c2b00000, 0x00000000eab00000)
  object space 44032K, 9% used [0x00000000c0000000,0x00000000c0448bb0,0x00000000c2b00000)
 Metaspace       used 6149K, capacity 7024K, committed 7296K, reserved 1056768K
  class space    used 600K, capacity 616K, committed 640K, reserved 1048576K
}
Event: 35.205 GC heap before
{Heap before GC invocations=4 (full 0):
 PSYoungGen      total 18944K, used 18912K [0x00000000eab00000, 0x00000000ed000000, 0x0000000100000000)
  eden space 16384K, 100% used [0x00000000eab00000,0x00000000ebb00000,0x00000000ebb00000)
  from space 2560K, 98% used [0x00000000ebb00000,0x00000000ebd78018,0x00000000ebd80000)
  to   space 2560K, 0% used [0x00000000ecd80000,0x00000000ecd80000,0x00000000ed000000)
 ParOldGen       total 44032K, used 4386K [0x00000000c0000000, 0x00000000c2b00000, 0x00000000eab00000)
  object space 44032K, 9% used [0x00000000c0000000,0x00000000c0448bb0,0x00000000c2b00000)
 Metaspace       used 6220K, capacity 7088K, committed 7296K, reserved 1056768K
  class space    used 600K, capacity 616K, committed 640K, reserved 1048576K
Event: 35.232 GC heap after
Heap after GC invocations=4 (full 0):
 PSYoungGen      total 35328K, used 2528K [0x00000000eab00000, 0x00000000ed000000, 0x0000000100000000)
  eden space 32768K, 0% used [0x00000000eab00000,0x00000000eab00000,0x00000000ecb00000)
  from space 2560K, 98% used [0x00000000ecd80000,0x00000000ecff8038,0x00000000ed000000)
  to   space 2560K, 0% used [0x00000000ecb00000,0x00000000ecb00000,0x00000000ecd80000)
 ParOldGen       total 44032K, used 7083K [0x00000000c0000000, 0x00000000c2b00000, 0x00000000eab00000)
  object space 44032K, 16% used [0x00000000c0000000,0x00000000c06eaf68,0x00000000c2b00000)
 Metaspace       used 6220K, capacity 7088K, committed 7296K, reserved 1056768K
  class space    used 600K, capacity 616K, committed 640K, reserved 1048576K
}
Event: 36.388 GC heap before
{Heap before GC invocations=5 (full 0):
 PSYoungGen      total 35328K, used 35296K [0x00000000eab00000, 0x00000000ed000000, 0x0000000100000000)
  eden space 32768K, 100% used [0x00000000eab00000,0x00000000ecb00000,0x00000000ecb00000)
  from space 2560K, 98% used [0x00000000ecd80000,0x00000000ecff8038,0x00000000ed000000)
  to   space 2560K, 0% used [0x00000000ecb00000,0x00000000ecb00000,0x00000000ecd80000)
 ParOldGen       total 44032K, used 7083K [0x00000000c0000000, 0x00000000c2b00000, 0x00000000eab00000)
  object space 44032K, 16% used [0x00000000c0000000,0x00000000c06eaf68,0x00000000c2b00000)
 Metaspace       used 6299K, capacity 7152K, committed 7296K, reserved 1056768K
  class space    used 602K, capacity 616K, committed 640K, reserved 1048576K
Event: 36.427 GC heap after
Heap after GC invocations=5 (full 0):
 PSYoungGen      total 35328K, used 2560K [0x00000000eab00000, 0x00000000ed000000, 0x0000000100000000)
  eden space 32768K, 0% used [0x00000000eab00000,0x00000000eab00000,0x00000000ecb00000)
  from space 2560K, 100% used [0x00000000ecb00000,0x00000000ecd80000,0x00000000ecd80000)
  to   space 2560K, 0% used [0x00000000ecd80000,0x00000000ecd80000,0x00000000ed000000)
 ParOldGen       total 44032K, used 12304K [0x00000000c0000000, 0x00000000c2b00000, 0x00000000eab00000)
  object space 44032K, 27% used [0x00000000c0000000,0x00000000c0c042e8,0x00000000c2b00000)
 Metaspace       used 6299K, capacity 7152K, committed 7296K, reserved 1056768K
  class space    used 602K, capacity 616K, committed 640K, reserved 1048576K
}

Deoptimization events (9 events):
Event: 32.940 Thread 0x0000000016b55000 Uncommon trap: reason=unstable_if action=reinterpret pc=0x0000000002b579e4 method=java.util.HashMap.getNode(ILjava/lang/Object;)Ljava/util/HashMap$Node; @ 129
Event: 35.089 Thread 0x0000000016b55000 Uncommon trap: reason=unstable_if action=reinterpret pc=0x0000000002e8ee0c method=com.android.dx.ssa.SCCP.simulateStmt(Lcom/android/dx/ssa/SsaInsn;)V @ 53
Event: 36.225 Thread 0x0000000016b24800 Uncommon trap: reason=unstable_if action=reinterpret pc=0x0000000002d4da04 method=com.android.dx.rop.code.RegisterSpecSet.<init>(I)V @ 2
Event: 36.255 Thread 0x0000000016b25000 Uncommon trap: reason=unstable_if action=reinterpret pc=0x0000000002f8dd24 method=com.android.dx.ssa.SCCP.simulateBranch(Lcom/android/dx/ssa/SsaInsn;)V @ 64
Event: 36.256 Thread 0x0000000016b25000 Uncommon trap: reason=unstable_if action=reinterpret pc=0x0000000002dba95c method=com.android.dx.ssa.SsaMethod.updateOneDefinition(Lcom/android/dx/ssa/SsaInsn;Lcom/android/dx/rop/code/RegisterSpec;)V @ 4
Event: 36.540 Thread 0x0000000016b23800 Uncommon trap: reason=bimorphic action=maybe_recompile pc=0x0000000002fbeb2c method=com.android.dx.cf.code.BytecodeArray.parseInstruction(ILcom/android/dx/cf/code/BytecodeArray$Visitor;)I @ 1357
Event: 36.541 Thread 0x0000000016b23800 Uncommon trap: reason=bimorphic action=maybe_recompile pc=0x0000000002fbeb2c method=com.android.dx.cf.code.BytecodeArray.parseInstruction(ILcom/android/dx/cf/code/BytecodeArray$Visitor;)I @ 1357
Event: 36.541 Thread 0x0000000016b23800 Uncommon trap: reason=bimorphic action=maybe_recompile pc=0x0000000002fbeb2c method=com.android.dx.cf.code.BytecodeArray.parseInstruction(ILcom/android/dx/cf/code/BytecodeArray$Visitor;)I @ 1357
Event: 36.541 Thread 0x0000000016b23800 Uncommon trap: reason=bimorphic action=maybe_recompile pc=0x0000000002fbeb2c method=com.android.dx.cf.code.BytecodeArray.parseInstruction(ILcom/android/dx/cf/code/BytecodeArray$Visitor;)I @ 1357

Internal exceptions (2 events):
Event: 8.258 Thread 0x000000000271d800 Exception <a 'java/lang/NoSuchMethodError': Method sun.misc.Unsafe.defineClass(Ljava/lang/String;[BII)Ljava/lang/Class; name or signature does not match> (0x00000000eab0d6f8) thrown at [C:\re\workspace\8-2-build-windows-amd64-cygwin\jdk8u60\4407\hotspot\sr:ˆÈ¨‚„ @
Event: 8.259 Thread 0x000000000271d800 Exception <a 'java/lang/NoSuchMethodError': Method sun.misc.Unsafe.prefetchRead(Ljava/lang/Object;J)V name or signature does not match> (0x00000000eab0d9e0) thrown at [C:\re\workspace\8-2-build-windows-amd64-cygwin\jdk8u60\4407\hotspot\src\share\vm\prims\j

Events (10 events):
Event: 36.724 Executing VM operation: RevokeBias
Event: 36.724 Executing VM operation: RevokeBias done
Event: 36.724 Thread 0x0000000016b24800 Thread exited: 0x0000000016b24800
Event: 36.725 Executing VM operation: RevokeBias
Event: 36.725 Executing VM operation: RevokeBias done
Event: 36.725 Thread 0x0000000016b25000 Thread exited: 0x0000000016b25000
Event: 36.725 Thread 0x0000000016b23800 Thread exited: 0x0000000016b23800
Event: 36.725 Thread 0x0000000016b55800 Thread exited: 0x0000000016b55800
Event: 36.725 loading class java/util/TreeMap$KeySet
Event: 36.725 Thread 0x000000001503c000 flushing nmethod 0x0000000002a58b50


Dynamic libraries:
0x00007ff6b6820000 - 0x00007ff6b6857000 	C:\Program Files\Java\jdk1.8.0_60\bin\java.exe
0x00007ffbdfa90000 - 0x00007ffbdfc51000 	C:\WINDOWS\SYSTEM32\ntdll.dll
0x00007ffbdf9e0000 - 0x00007ffbdfa8d000 	C:\WINDOWS\system32\KERNEL32.DLL
0x00007ffbdcf80000 - 0x00007ffbdd15d000 	C:\WINDOWS\system32\KERNELBASE.dll
0x00007ffbdd630000 - 0x00007ffbdd6d6000 	C:\WINDOWS\system32\ADVAPI32.dll
0x00007ffbde0d0000 - 0x00007ffbde16d000 	C:\WINDOWS\system32\msvcrt.dll
0x00007ffbdd7c0000 - 0x00007ffbdd81b000 	C:\WINDOWS\system32\sechost.dll
0x00007ffbdd160000 - 0x00007ffbdd286000 	C:\WINDOWS\system32\RPCRT4.dll
0x00007ffbdd350000 - 0x00007ffbdd49e000 	C:\WINDOWS\system32\USER32.dll
0x00007ffbdd4a0000 - 0x00007ffbdd626000 	C:\WINDOWS\system32\GDI32.dll
0x00007ffbd30f0000 - 0x00007ffbd3364000 	C:\WINDOWS\WinSxS\amd64_microsoft.windows.common-controls_6595b64144ccf1df_6.0.10240.16384_none_f41f7b285750ef43\COMCTL32.dll
0x00007ffbde170000 - 0x00007ffbde1a6000 	C:\WINDOWS\system32\IMM32.DLL
0x00007ffbdf760000 - 0x00007ffbdf8bc000 	C:\WINDOWS\system32\MSCTF.dll
0x00000000680a0000 - 0x0000000068172000 	C:\Program Files\Java\jdk1.8.0_60\jre\bin\msvcr100.dll
0x0000000068520000 - 0x0000000068da9000 	C:\Program Files\Java\jdk1.8.0_60\jre\bin\server\jvm.dll
0x00007ffbddfe0000 - 0x00007ffbddfe8000 	C:\WINDOWS\system32\PSAPI.DLL
0x00007ffbda670000 - 0x00007ffbda693000 	C:\WINDOWS\SYSTEM32\WINMM.dll
0x00007ffbcde60000 - 0x00007ffbcde69000 	C:\WINDOWS\SYSTEM32\WSOCK32.dll
0x00007ffbd08c0000 - 0x00007ffbd08ca000 	C:\WINDOWS\SYSTEM32\VERSION.dll
0x00007ffbda180000 - 0x00007ffbda1ac000 	C:\WINDOWS\SYSTEM32\WINMMBASE.dll
0x00007ffbddff0000 - 0x00007ffbde059000 	C:\WINDOWS\system32\WS2_32.dll
0x00007ffbdd340000 - 0x00007ffbdd348000 	C:\WINDOWS\system32\NSI.dll
0x00007ffbdc6d0000 - 0x00007ffbdc714000 	C:\WINDOWS\system32\cfgmgr32.dll
0x00007ffbdafb0000 - 0x00007ffbdafd7000 	C:\WINDOWS\SYSTEM32\DEVOBJ.dll
0x0000000068510000 - 0x000000006851f000 	C:\Program Files\Java\jdk1.8.0_60\jre\bin\verify.dll
0x00000000684e0000 - 0x0000000068509000 	C:\Program Files\Java\jdk1.8.0_60\jre\bin\java.dll
0x00000000684c0000 - 0x00000000684d6000 	C:\Program Files\Java\jdk1.8.0_60\jre\bin\zip.dll
0x00007ffbde230000 - 0x00007ffbdf752000 	C:\WINDOWS\system32\SHELL32.dll
0x00007ffbdc8f0000 - 0x00007ffbdcf18000 	C:\WINDOWS\system32\windows.storage.dll
0x00007ffbddd60000 - 0x00007ffbddfdc000 	C:\WINDOWS\system32\combase.dll
0x00007ffbde1b0000 - 0x00007ffbde201000 	C:\WINDOWS\system32\shlwapi.dll
0x00007ffbdc500000 - 0x00007ffbdc50f000 	C:\WINDOWS\system32\kernel.appcore.dll
0x00007ffbdc610000 - 0x00007ffbdc6c3000 	C:\WINDOWS\system32\shcore.dll
0x00007ffbdc510000 - 0x00007ffbdc55a000 	C:\WINDOWS\system32\powrprof.dll
0x00007ffbdc4c0000 - 0x00007ffbdc4d3000 	C:\WINDOWS\system32\profapi.dll

VM Arguments:
jvm_args: -Xmx1024M -Dfile.encoding=windows-1252 -Duser.country=US -Duser.language=en -Duser.variant 
java_command: com.android.dx.command.Main --dex --num-threads=4 --output D:\Duong\AndroidProjects\HowItCook\app\build\intermediates\pre-dexed\debug\internal_impl-23.1.1-72fd9d2c895126e4b071c14153701342f8a8b221.jar D:\Duong\AndroidProjects\HowItCook\app\build\intermediates\exploded-aar\com.android.support\support-v4\23.1.1\jars\libs\internal_impl-23.1.1.jar
java_class_path (initial): C:\Users\Admin\AppData\Local\Android\sdk\build-tools\23.0.2\lib\dx.jar
Launcher Type: SUN_STANDARD

Environment Variables:
PATH=C:\ProgramData\Oracle\Java\javapath;C:\WINDOWS\system32;C:\WINDOWS;C:\WINDOWS\System32\Wbem;C:\WINDOWS\System32\WindowsPowerShell\v1.0\;C:\Program Files\Java\jdk1.8.0_60\bin;C:\Program Files (x86)\Windows Kits\8.1\Windows Performance Toolkit\;C:\Program Files\Microsoft SQL Server\120\Tools\Binn\;C:\Program Files\Microsoft\Web Platform Installer\;C:\Program Files (x86)\Microsoft SQL Server\Client SDK\ODBC\110\Tools\Binn\;C:\Program Files (x86)\Microsoft SQL Server\120\Tools\Binn\;C:\Program Files (x86)\Microsoft SQL Server\120\DTS\Binn\;C:\Program Files\Microsoft SQL Server\Client SDK\ODBC\110\Tools\Binn\;C:\Program Files (x86)\Microsoft SQL Server\120\Tools\Binn\ManagementStudio\;C:\Program Files\Microsoft SQL Server\120\DTS\Binn\;C:\Program Files (x86)\QuickTime\QTSystem\;C:\Program Files (x86)\NVIDIA Corporation\PhysX\Common;C:\Program Files (x86)\Skype\Phone\;C:\Users\Admin\.dnx\bin;C:\Users\Admin\.k\bin;E:\RailsInstaller\Git\cmd;E:\RailsInstaller\Ruby2.1.0\bin;D:\Duong\JAVAProject\Caro_Network\sqljdbc_4.2\enu\auth\x64
USERNAME=Admin
OS=Windows_NT
PROCESSOR_IDENTIFIER=Intel64 Family 6 Model 69 Stepping 1, GenuineIntel



---------------  S Y S T E M  ---------------

OS: Windows 10.0 , 64 bit Build 10240 (10.0.10240.16384)

CPU:total 4 (2 cores per cpu, 2 threads per core) family 6 model 69 stepping 1, cmov, cx8, fxsr, mmx, sse, sse2, sse3, ssse3, sse4.1, sse4.2, popcnt, avx, avx2, aes, clmul, erms, lzcnt, ht, tsc, tscinvbit, bmi1, bmi2

Memory: 4k page, physical 4074900k(20304k free), swap 5501332k(20140k free)

vm_info: Java HotSpot(TM) 64-Bit Server VM (25.60-b23) for windows-amd64 JRE (1.8.0_60-b27), built on Aug  4 2015 11:06:27 by "java_re" with MS VC++ 10.0 (VS2010)

time: Tue Dec 08 03:03:27 2015
elapsed time: 39 seconds (0d 0h 0m 39s)

