#
# There is insufficient memory for the Java Runtime Environment to continue.
# Native memory allocation (malloc) failed to allocate 1556976 bytes for Chunk::new
# Possible reasons:
#   The system is out of physical RAM or swap space
#   In 32 bit mode, the process size limit was hit
# Possible solutions:
#   Reduce memory load on the system
#   Increase physical memory or swap space
#   Check if swap backing store is full
#   Use 64 bit Java on a 64 bit OS
#   Decrease Java heap size (-Xmx/-Xms)
#   Decrease number of Java threads
#   Decrease Java thread stack sizes (-Xss)
#   Set larger code cache with -XX:ReservedCodeCacheSize=
# This output file may be truncated or incomplete.
#
#  Out of Memory Error (allocation.cpp:390), pid=6756, tid=5084
#
# JRE version: Java(TM) SE Runtime Environment (8.0_60-b27) (build 1.8.0_60-b27)
# Java VM: Java HotSpot(TM) 64-Bit Server VM (25.60-b23 mixed mode windows-amd64 compressed oops)
# Failed to write core dump. Minidumps are not enabled by default on client versions of Windows
#

---------------  T H R E A D  ---------------

Current thread (0x000000001572e000):  JavaThread "C2 CompilerThread0" daemon [_thread_in_native, id=5084, stack(0x0000000016d60000,0x0000000016e60000)]

Stack: [0x0000000016d60000,0x0000000016e60000]
[error occurred during error reporting (printing stack bounds), id 0xc0000005]

Native frames: (J=compiled Java code, j=interpreted, Vv=VM code, C=native code)


Current CompileTask:
C2:  39439 1623       4       com.android.dx.rop.code.Rops::ropFor (771 bytes)


---------------  P R O C E S S  ---------------

Java Threads: ( => current thread )
  0x000000001723b000 JavaThread "pool-1-thread-4" [_thread_blocked, id=10148, stack(0x0000000017a60000,0x0000000017b60000)]
  0x0000000015766000 JavaThread "pool-1-thread-3" [_thread_blocked, id=3816, stack(0x0000000017960000,0x0000000017a60000)]
  0x0000000015765000 JavaThread "pool-1-thread-2" [_thread_blocked, id=3368, stack(0x0000000017860000,0x0000000017960000)]
  0x0000000015764800 JavaThread "pool-2-thread-1" [_thread_blocked, id=6712, stack(0x0000000017760000,0x0000000017860000)]
  0x0000000015759000 JavaThread "pool-1-thread-1" [_thread_blocked, id=10092, stack(0x0000000017660000,0x0000000017760000)]
  0x0000000015779800 JavaThread "Service Thread" daemon [_thread_blocked, id=9164, stack(0x0000000017060000,0x0000000017160000)]
  0x000000001573f000 JavaThread "C1 CompilerThread2" daemon [_thread_blocked, id=3096, stack(0x0000000016f60000,0x0000000017060000)]
  0x0000000015731800 JavaThread "C2 CompilerThread1" daemon [_thread_in_native, id=8344, stack(0x0000000016e60000,0x0000000016f60000)]
=>0x000000001572e000 JavaThread "C2 CompilerThread0" daemon [_thread_in_native, id=5084, stack(0x0000000016d60000,0x0000000016e60000)]
  0x000000001572c000 JavaThread "Attach Listener" daemon [_thread_blocked, id=7608, stack(0x0000000016c60000,0x0000000016d60000)]
  0x000000001572b000 JavaThread "Signal Dispatcher" daemon [_thread_blocked, id=2168, stack(0x0000000016b60000,0x0000000016c60000)]
  0x0000000003057800 JavaThread "Finalizer" daemon [_thread_blocked, id=3280, stack(0x0000000016980000,0x0000000016a80000)]
  0x000000000304e800 JavaThread "Reference Handler" daemon [_thread_blocked, id=9056, stack(0x0000000016880000,0x0000000016980000)]
  0x0000000002e5d800 JavaThread "main" [_thread_in_native, id=4840, stack(0x0000000002e60000,0x0000000002f60000)]

Other Threads:
  0x00000000156f8800 VMThread [stack: 0x0000000016780000,0x0000000016880000] [id=8612]
  0x0000000017188800 WatcherThread [stack: 0x0000000017560000,0x0000000017660000] [id=7404]

VM state:not at safepoint (normal execution)

VM Mutex/Monitor currently owned by a thread: None

Heap:
 PSYoungGen      total 34816K, used 23897K [0x00000000eab00000, 0x00000000ed000000, 0x0000000100000000)
  eden space 32256K, 66% used [0x00000000eab00000,0x00000000ebfda478,0x00000000eca80000)
  from space 2560K, 99% used [0x00000000ecd80000,0x00000000ecffc000,0x00000000ed000000)
  to   space 2560K, 0% used [0x00000000ecb00000,0x00000000ecb00000,0x00000000ecd80000)
 ParOldGen       total 24064K, used 14586K [0x00000000c0000000, 0x00000000c1780000, 0x00000000eab00000)
  object space 24064K, 60% used [0x00000000c0000000,0x00000000c0e3e8c0,0x00000000c1780000)
 Metaspace       used 6286K, capacity 7152K, committed 7296K, reserved 1058816K
  class space    used 603K, capacity 616K, committed 640K, reserved 1048576K

Card table byte_map: [0x0000000012420000,0x0000000012630000] byte_map_base: 0x0000000011e20000

Marking Bits: (ParMarkBitMap*) 0x0000000068d2a5b0
 Begin Bits: [0x0000000012b90000, 0x0000000013b90000)
 End Bits:   [0x0000000013b90000, 0x0000000014b90000)

Polling page: 0x0000000001460000

CodeCache: size=245760Kb used=7268Kb max_used=7285Kb free=238491Kb
 bounds [0x0000000003060000, 0x0000000003790000, 0x0000000012060000]
 total_blobs=1997 nmethods=1727 adapters=182
 compilation: enabled

Compilation events (10 events):
Event: 39.202 Thread 0x000000001573f000 1757       1       com.android.dx.rop.cst.CstFloat::getType (4 bytes)
Event: 39.202 Thread 0x000000001573f000 nmethod 1757 0x000000000376bdd0 code [0x000000000376bf20, 0x000000000376c030]
Event: 39.242 Thread 0x000000001572e000 nmethod 1696 0x0000000003772510 code [0x0000000003772920, 0x0000000003776028]
Event: 39.242 Thread 0x000000001572e000 1630       4       com.android.dx.ssa.Dominators::compress (229 bytes)
Event: 39.268 Thread 0x000000001572e000 nmethod 1630 0x000000000376d550 code [0x000000000376d700, 0x000000000376e028]
Event: 39.269 Thread 0x000000001572e000 1624       4       com.android.dx.cf.code.RopperMachine::jopToRopOpcode (1103 bytes)
Event: 39.288 Thread 0x000000001572e000 nmethod 1624 0x000000000376f750 code [0x00000000037700c0, 0x0000000003770858]
Event: 39.288 Thread 0x000000001572e000 1723       4       com.android.dx.ssa.back.SsaToRop$1::visitBlock (97 bytes)
Event: 39.342 Thread 0x000000001572e000 nmethod 1723 0x0000000003780e90 code [0x00000000037810a0, 0x0000000003782508]
Event: 39.342 Thread 0x000000001572e000 1623       4       com.android.dx.rop.code.Rops::ropFor (771 bytes)

GC Heap History (10 events):
Event: 36.277 GC heap before
{Heap before GC invocations=3 (full 0):
 PSYoungGen      total 18944K, used 7641K [0x00000000eab00000, 0x00000000ed000000, 0x0000000100000000)
  eden space 16384K, 31% used [0x00000000eab00000,0x00000000eaffb2f8,0x00000000ebb00000)
  from space 2560K, 99% used [0x00000000ebd80000,0x00000000ebffb110,0x00000000ec000000)
  to   space 2560K, 0% used [0x00000000ebb00000,0x00000000ebb00000,0x00000000ebd80000)
 ParOldGen       total 44032K, used 2259K [0x00000000c0000000, 0x00000000c2b00000, 0x00000000eab00000)
  object space 44032K, 5% used [0x00000000c0000000,0x00000000c0234ec0,0x00000000c2b00000)
 Metaspace       used 6090K, capacity 6960K, committed 7040K, reserved 1060864K
  class space    used 602K, capacity 616K, committed 640K, reserved 1048576K
Event: 36.403 GC heap after
Heap after GC invocations=3 (full 0):
 PSYoungGen      total 18944K, used 2554K [0x00000000eab00000, 0x00000000ed000000, 0x0000000100000000)
  eden space 16384K, 0% used [0x00000000eab00000,0x00000000eab00000,0x00000000ebb00000)
  from space 2560K, 99% used [0x00000000ebb00000,0x00000000ebd7eaa8,0x00000000ebd80000)
  to   space 2560K, 0% used [0x00000000ecd80000,0x00000000ecd80000,0x00000000ed000000)
 ParOldGen       total 44032K, used 2917K [0x00000000c0000000, 0x00000000c2b00000, 0x00000000eab00000)
  object space 44032K, 6% used [0x00000000c0000000,0x00000000c02d95b0,0x00000000c2b00000)
 Metaspace       used 6090K, capacity 6960K, committed 7040K, reserved 1060864K
  class space    used 602K, capacity 616K, committed 640K, reserved 1048576K
}
Event: 36.403 GC heap before
{Heap before GC invocations=4 (full 1):
 PSYoungGen      total 18944K, used 2554K [0x00000000eab00000, 0x00000000ed000000, 0x0000000100000000)
  eden space 16384K, 0% used [0x00000000eab00000,0x00000000eab00000,0x00000000ebb00000)
  from space 2560K, 99% used [0x00000000ebb00000,0x00000000ebd7eaa8,0x00000000ebd80000)
  to   space 2560K, 0% used [0x00000000ecd80000,0x00000000ecd80000,0x00000000ed000000)
 ParOldGen       total 44032K, used 2917K [0x00000000c0000000, 0x00000000c2b00000, 0x00000000eab00000)
  object space 44032K, 6% used [0x00000000c0000000,0x00000000c02d95b0,0x00000000c2b00000)
 Metaspace       used 6090K, capacity 6960K, committed 7040K, reserved 1060864K
  class space    used 602K, capacity 616K, committed 640K, reserved 1048576K
Event: 36.636 GC heap after
Heap after GC invocations=4 (full 1):
 PSYoungGen      total 18944K, used 0K [0x00000000eab00000, 0x00000000ed000000, 0x0000000100000000)
  eden space 16384K, 0% used [0x00000000eab00000,0x00000000eab00000,0x00000000ebb00000)
  from space 2560K, 0% used [0x00000000ebb00000,0x00000000ebb00000,0x00000000ebd80000)
  to   space 2560K, 0% used [0x00000000ecd80000,0x00000000ecd80000,0x00000000ed000000)
 ParOldGen       total 24064K, used 4621K [0x00000000c0000000, 0x00000000c1780000, 0x00000000eab00000)
  object space 24064K, 19% used [0x00000000c0000000,0x00000000c0483468,0x00000000c1780000)
 Metaspace       used 6090K, capacity 6960K, committed 7040K, reserved 1058816K
  class space    used 602K, capacity 616K, committed 640K, reserved 1048576K
}
Event: 37.985 GC heap before
{Heap before GC invocations=5 (full 1):
 PSYoungGen      total 18944K, used 16384K [0x00000000eab00000, 0x00000000ed000000, 0x0000000100000000)
  eden space 16384K, 100% used [0x00000000eab00000,0x00000000ebb00000,0x00000000ebb00000)
  from space 2560K, 0% used [0x00000000ebb00000,0x00000000ebb00000,0x00000000ebd80000)
  to   space 2560K, 0% used [0x00000000ecd80000,0x00000000ecd80000,0x00000000ed000000)
 ParOldGen       total 24064K, used 4621K [0x00000000c0000000, 0x00000000c1780000, 0x00000000eab00000)
  object space 24064K, 19% used [0x00000000c0000000,0x00000000c0483468,0x00000000c1780000)
 Metaspace       used 6144K, capacity 7024K, committed 7296K, reserved 1058816K
  class space    used 602K, capacity 616K, committed 640K, reserved 1048576K
Event: 37.991 GC heap after
Heap after GC invocations=5 (full 1):
 PSYoungGen      total 34816K, used 2540K [0x00000000eab00000, 0x00000000ed000000, 0x0000000100000000)
  eden space 32256K, 0% used [0x00000000eab00000,0x00000000eab00000,0x00000000eca80000)
  from space 2560K, 99% used [0x00000000ecd80000,0x00000000ecffb010,0x00000000ed000000)
  to   space 2560K, 0% used [0x00000000ecb00000,0x00000000ecb00000,0x00000000ecd80000)
 ParOldGen       total 24064K, used 4720K [0x00000000c0000000, 0x00000000c1780000, 0x00000000eab00000)
  object space 24064K, 19% used [0x00000000c0000000,0x00000000c049c2a8,0x00000000c1780000)
 Metaspace       used 6144K, capacity 7024K, committed 7296K, reserved 1058816K
  class space    used 602K, capacity 616K, committed 640K, reserved 1048576K
}
Event: 38.216 GC heap before
{Heap before GC invocations=6 (full 1):
 PSYoungGen      total 34816K, used 34796K [0x00000000eab00000, 0x00000000ed000000, 0x0000000100000000)
  eden space 32256K, 100% used [0x00000000eab00000,0x00000000eca80000,0x00000000eca80000)
  from space 2560K, 99% used [0x00000000ecd80000,0x00000000ecffb010,0x00000000ed000000)
  to   space 2560K, 0% used [0x00000000ecb00000,0x00000000ecb00000,0x00000000ecd80000)
 ParOldGen       total 24064K, used 4720K [0x00000000c0000000, 0x00000000c1780000, 0x00000000eab00000)
  object space 24064K, 19% used [0x00000000c0000000,0x00000000c049c2a8,0x00000000c1780000)
 Metaspace       used 6220K, capacity 7088K, committed 7296K, reserved 1058816K
  class space    used 602K, capacity 616K, committed 640K, reserved 1048576K
Event: 38.230 GC heap after
Heap after GC invocations=6 (full 1):
 PSYoungGen      total 34816K, used 2550K [0x00000000eab00000, 0x00000000ed000000, 0x0000000100000000)
  eden space 32256K, 0% used [0x00000000eab00000,0x00000000eab00000,0x00000000eca80000)
  from space 2560K, 99% used [0x00000000ecb00000,0x00000000ecd7d950,0x00000000ecd80000)
  to   space 2560K, 0% used [0x00000000ecd80000,0x00000000ecd80000,0x00000000ed000000)
 ParOldGen       total 24064K, used 9351K [0x00000000c0000000, 0x00000000c1780000, 0x00000000eab00000)
  object space 24064K, 38% used [0x00000000c0000000,0x00000000c0921d40,0x00000000c1780000)
 Metaspace       used 6220K, capacity 7088K, committed 7296K, reserved 1058816K
  class space    used 602K, capacity 616K, committed 640K, reserved 1048576K
}
Event: 39.017 GC heap before
{Heap before GC invocations=7 (full 1):
 PSYoungGen      total 34816K, used 34806K [0x00000000eab00000, 0x00000000ed000000, 0x0000000100000000)
  eden space 32256K, 100% used [0x00000000eab00000,0x00000000eca80000,0x00000000eca80000)
  from space 2560K, 99% used [0x00000000ecb00000,0x00000000ecd7d950,0x00000000ecd80000)
  to   space 2560K, 0% used [0x00000000ecd80000,0x00000000ecd80000,0x00000000ed000000)
 ParOldGen       total 24064K, used 9351K [0x00000000c0000000, 0x00000000c1780000, 0x00000000eab00000)
  object space 24064K, 38% used [0x00000000c0000000,0x00000000c0921d40,0x00000000c1780000)
 Metaspace       used 6276K, capacity 7152K, committed 7296K, reserved 1058816K
  class space    used 603K, capacity 616K, committed 640K, reserved 1048576K
Event: 39.037 GC heap after
Heap after GC invocations=7 (full 1):
 PSYoungGen      total 34816K, used 2544K [0x00000000eab00000, 0x00000000ed000000, 0x0000000100000000)
  eden space 32256K, 0% used [0x00000000eab00000,0x00000000eab00000,0x00000000eca80000)
  from space 2560K, 99% used [0x00000000ecd80000,0x00000000ecffc000,0x00000000ed000000)
  to   space 2560K, 0% used [0x00000000ecb00000,0x00000000ecb00000,0x00000000ecd80000)
 ParOldGen       total 24064K, used 14586K [0x00000000c0000000, 0x00000000c1780000, 0x00000000eab00000)
  object space 24064K, 60% used [0x00000000c0000000,0x00000000c0e3e8c0,0x00000000c1780000)
 Metaspace       used 6276K, capacity 7152K, committed 7296K, reserved 1058816K
  class space    used 603K, capacity 616K, committed 640K, reserved 1048576K
}

Deoptimization events (10 events):
Event: 36.272 Thread 0x0000000015766000 Uncommon trap: reason=bimorphic action=maybe_recompile pc=0x000000000356bae8 method=com.android.dx.cf.code.BytecodeArray.parseInstruction(ILcom/android/dx/cf/code/BytecodeArray$Visitor;)I @ 2484
Event: 37.894 Thread 0x0000000015765000 Uncommon trap: reason=unstable_if action=reinterpret pc=0x00000000035c9b4c method=com.android.dx.ssa.SCCP.simulateBranch(Lcom/android/dx/ssa/SsaInsn;)V @ 107
Event: 37.933 Thread 0x000000001723b000 Uncommon trap: reason=unstable_if action=reinterpret pc=0x00000000032d3fdc method=com.android.dx.rop.cst.Constant.compareTo(Lcom/android/dx/rop/cst/Constant;)I @ 12
Event: 38.085 Thread 0x0000000015765000 Uncommon trap: reason=uninitialized action=reinterpret pc=0x000000000356c6a4 method=com.android.dx.cf.code.BytecodeArray.parseInstruction(ILcom/android/dx/cf/code/BytecodeArray$Visitor;)I @ 999
Event: 38.113 Thread 0x0000000015765000 Uncommon trap: reason=bimorphic action=maybe_recompile pc=0x000000000350ab34 method=java.util.HashMap.putVal(ILjava/lang/Object;Ljava/lang/Object;ZZ)Ljava/lang/Object; @ 203
Event: 38.123 Thread 0x0000000002e5d800 Uncommon trap: reason=unloaded action=reinterpret pc=0x00000000035e7694 method=com.android.dx.cf.cst.ConstantPoolParser.parse0(ILjava/util/BitSet;)Lcom/android/dx/rop/cst/Constant; @ 198
Event: 38.833 Thread 0x0000000015759000 Uncommon trap: reason=unstable_if action=reinterpret pc=0x00000000035d6220 method=com.android.dx.ssa.SCCP.simulateStmt(Lcom/android/dx/ssa/SsaInsn;)V @ 53
Event: 38.907 Thread 0x0000000015765000 Uncommon trap: reason=unstable_if action=reinterpret pc=0x00000000034c1f7c method=com.android.dx.util.IntList.binarysearch(I)I @ 105
Event: 38.956 Thread 0x0000000015766000 Uncommon trap: reason=unstable_if action=reinterpret pc=0x00000000036465e0 method=com.android.dx.ssa.LiteralOpUpgrader$1.visitNonMoveInsn(Lcom/android/dx/ssa/NormalSsaInsn;)V @ 55
Event: 38.959 Thread 0x0000000015766000 Uncommon trap: reason=unstable_if action=reinterpret pc=0x00000000034b849c method=com.android.dx.ssa.SsaMethod.updateOneDefinition(Lcom/android/dx/ssa/SsaInsn;Lcom/android/dx/rop/code/RegisterSpec;)V @ 4

Internal exceptions (2 events):
Event: 8.257 Thread 0x0000000002e5d800 Exception <a 'java/lang/NoSuchMethodError': Method sun.misc.Unsafe.defineClass(Ljava/lang/String;[BII)Ljava/lang/Class; name or signature does not match> (0x00000000eab0d770) thrown at [C:\re\workspace\8-2-build-windows-amd64-cygwin\jdk8u60\4407\hotspot\srL˜¡Öƒ @
Event: 8.257 Thread 0x0000000002e5d800 Exception <a 'java/lang/NoSuchMethodError': Method sun.misc.Unsafe.prefetchRead(Ljava/lang/Object;J)V name or signature does not match> (0x00000000eab0da58) thrown at [C:\re\workspace\8-2-build-windows-amd64-cygwin\jdk8u60\4407\hotspot\src\share\vm\prims\j

Events (10 events):
Event: 38.956 loading class com/android/dx/rop/code/RegOps done
Event: 38.959 Thread 0x0000000015766000 Uncommon trap: trap_request=0xffffff65 fr.pc=0x00000000034b849c
Event: 38.959 Thread 0x0000000015766000 DEOPT PACKING pc=0x00000000034b849c sp=0x0000000017a5e640
Event: 38.959 Thread 0x0000000015766000 DEOPT UNPACKING pc=0x00000000030a582a sp=0x0000000017a5e5e8 mode 2
Event: 39.017 Executing VM operation: ParallelGCFailedAllocation
Event: 39.037 Executing VM operation: ParallelGCFailedAllocation done
Event: 39.119 Thread 0x0000000015766000 DEOPT PACKING pc=0x0000000003453b03 sp=0x0000000017a5e7d0
Event: 39.119 Thread 0x0000000015766000 DEOPT UNPACKING pc=0x00000000030a787f sp=0x0000000017a5e550 mode 0
Event: 39.182 Thread 0x0000000015759000 DEOPT PACKING pc=0x0000000003453b03 sp=0x000000001775e7f0
Event: 39.182 Thread 0x0000000015759000 DEOPT UNPACKING pc=0x00000000030a787f sp=0x000000001775e570 mode 0


Dynamic libraries:
0x00007ff6b6820000 - 0x00007ff6b6857000 	C:\Program Files\Java\jdk1.8.0_60\bin\java.exe
0x00007ffbdfa90000 - 0x00007ffbdfc51000 	C:\WINDOWS\SYSTEM32\ntdll.dll
0x00007ffbdf9e0000 - 0x00007ffbdfa8d000 	C:\WINDOWS\system32\KERNEL32.DLL
0x00007ffbdcf80000 - 0x00007ffbdd15d000 	C:\WINDOWS\system32\KERNELBASE.dll
0x00007ffbdd630000 - 0x00007ffbdd6d6000 	C:\WINDOWS\system32\ADVAPI32.dll
0x00007ffbde0d0000 - 0x00007ffbde16d000 	C:\WINDOWS\system32\msvcrt.dll
0x00007ffbdd7c0000 - 0x00007ffbdd81b000 	C:\WINDOWS\system32\sechost.dll
0x00007ffbdd160000 - 0x00007ffbdd286000 	C:\WINDOWS\system32\RPCRT4.dll
0x00007ffbdd350000 - 0x00007ffbdd49e000 	C:\WINDOWS\system32\USER32.dll
0x00007ffbdd4a0000 - 0x00007ffbdd626000 	C:\WINDOWS\system32\GDI32.dll
0x00007ffbd30f0000 - 0x00007ffbd3364000 	C:\WINDOWS\WinSxS\amd64_microsoft.windows.common-controls_6595b64144ccf1df_6.0.10240.16384_none_f41f7b285750ef43\COMCTL32.dll
0x00007ffbde170000 - 0x00007ffbde1a6000 	C:\WINDOWS\system32\IMM32.DLL
0x00007ffbdf760000 - 0x00007ffbdf8bc000 	C:\WINDOWS\system32\MSCTF.dll
0x00000000680a0000 - 0x0000000068172000 	C:\Program Files\Java\jdk1.8.0_60\jre\bin\msvcr100.dll
0x0000000068520000 - 0x0000000068da9000 	C:\Program Files\Java\jdk1.8.0_60\jre\bin\server\jvm.dll
0x00007ffbddfe0000 - 0x00007ffbddfe8000 	C:\WINDOWS\system32\PSAPI.DLL
0x00007ffbda670000 - 0x00007ffbda693000 	C:\WINDOWS\SYSTEM32\WINMM.dll
0x00007ffbcde60000 - 0x00007ffbcde69000 	C:\WINDOWS\SYSTEM32\WSOCK32.dll
0x00007ffbd08c0000 - 0x00007ffbd08ca000 	C:\WINDOWS\SYSTEM32\VERSION.dll
0x00007ffbda180000 - 0x00007ffbda1ac000 	C:\WINDOWS\SYSTEM32\WINMMBASE.dll
0x00007ffbddff0000 - 0x00007ffbde059000 	C:\WINDOWS\system32\WS2_32.dll
0x00007ffbdd340000 - 0x00007ffbdd348000 	C:\WINDOWS\system32\NSI.dll
0x00007ffbdc6d0000 - 0x00007ffbdc714000 	C:\WINDOWS\system32\cfgmgr32.dll
0x00007ffbdafb0000 - 0x00007ffbdafd7000 	C:\WINDOWS\SYSTEM32\DEVOBJ.dll
0x0000000068510000 - 0x000000006851f000 	C:\Program Files\Java\jdk1.8.0_60\jre\bin\verify.dll
0x00000000684e0000 - 0x0000000068509000 	C:\Program Files\Java\jdk1.8.0_60\jre\bin\java.dll
0x00000000684c0000 - 0x00000000684d6000 	C:\Program Files\Java\jdk1.8.0_60\jre\bin\zip.dll
0x00007ffbde230000 - 0x00007ffbdf752000 	C:\WINDOWS\system32\SHELL32.dll
0x00007ffbdc8f0000 - 0x00007ffbdcf18000 	C:\WINDOWS\system32\windows.storage.dll
0x00007ffbddd60000 - 0x00007ffbddfdc000 	C:\WINDOWS\system32\combase.dll
0x00007ffbde1b0000 - 0x00007ffbde201000 	C:\WINDOWS\system32\shlwapi.dll
0x00007ffbdc500000 - 0x00007ffbdc50f000 	C:\WINDOWS\system32\kernel.appcore.dll
0x00007ffbdc610000 - 0x00007ffbdc6c3000 	C:\WINDOWS\system32\shcore.dll
0x00007ffbdc510000 - 0x00007ffbdc55a000 	C:\WINDOWS\system32\powrprof.dll
0x00007ffbdc4c0000 - 0x00007ffbdc4d3000 	C:\WINDOWS\system32\profapi.dll

VM Arguments:
jvm_args: -Xmx1024M -Dfile.encoding=windows-1252 -Duser.country=US -Duser.language=en -Duser.variant 
java_command: com.android.dx.command.Main --dex --num-threads=4 --output D:\Duong\AndroidProjects\HowItCook\app\build\intermediates\pre-dexed\debug\classes-f26eb5223810290337c675405823e2693eda103d.jar D:\Duong\AndroidProjects\HowItCook\app\build\intermediates\exploded-aar\com.android.support\appcompat-v7\23.1.1\jars\classes.jar
java_class_path (initial): C:\Users\Admin\AppData\Local\Android\sdk\build-tools\23.0.2\lib\dx.jar
Launcher Type: SUN_STANDARD

Environment Variables:
PATH=C:\ProgramData\Oracle\Java\javapath;C:\WINDOWS\system32;C:\WINDOWS;C:\WINDOWS\System32\Wbem;C:\WINDOWS\System32\WindowsPowerShell\v1.0\;C:\Program Files\Java\jdk1.8.0_60\bin;C:\Program Files (x86)\Windows Kits\8.1\Windows Performance Toolkit\;C:\Program Files\Microsoft SQL Server\120\Tools\Binn\;C:\Program Files\Microsoft\Web Platform Installer\;C:\Program Files (x86)\Microsoft SQL Server\Client SDK\ODBC\110\Tools\Binn\;C:\Program Files (x86)\Microsoft SQL Server\120\Tools\Binn\;C:\Program Files (x86)\Microsoft SQL Server\120\DTS\Binn\;C:\Program Files\Microsoft SQL Server\Client SDK\ODBC\110\Tools\Binn\;C:\Program Files (x86)\Microsoft SQL Server\120\Tools\Binn\ManagementStudio\;C:\Program Files\Microsoft SQL Server\120\DTS\Binn\;C:\Program Files (x86)\QuickTime\QTSystem\;C:\Program Files (x86)\NVIDIA Corporation\PhysX\Common;C:\Program Files (x86)\Skype\Phone\;C:\Users\Admin\.dnx\bin;C:\Users\Admin\.k\bin;E:\RailsInstaller\Git\cmd;E:\RailsInstaller\Ruby2.1.0\bin;D:\Duong\JAVAProject\Caro_Network\sqljdbc_4.2\enu\auth\x64
USERNAME=Admin
OS=Windows_NT
PROCESSOR_IDENTIFIER=Intel64 Family 6 Model 69 Stepping 1, GenuineIntel



---------------  S Y S T E M  ---------------

OS: Windows 10.0 , 64 bit Build 10240 (10.0.10240.16384)

CPU:total 4 (2 cores per cpu, 2 threads per core) family 6 model 69 stepping 1, cmov, cx8, fxsr, mmx, sse, sse2, sse3, ssse3, sse4.1, sse4.2, popcnt, avx, avx2, aes, clmul, erms, lzcnt, ht, tsc, tscinvbit, bmi1, bmi2

Memory: 4k page, physical 4074900k(3260k free), swap 5501332k(5908k free)

vm_info: Java HotSpot(TM) 64-Bit Server VM (25.60-b23) for windows-amd64 JRE (1.8.0_60-b27), built on Aug  4 2015 11:06:27 by "java_re" with MS VC++ 10.0 (VS2010)

time: Tue Dec 08 03:03:27 2015
elapsed time: 39 seconds (0d 0h 0m 39s)

